<?xml version="1.0" encoding="UTF-8"?>
<!-- Generated by org.testng.reporters.JUnitReportReporter -->
<testsuite hostname="MX-IT-BRYMEJIA" failures="0" tests="1" name="testing.PositiveTest" time="8.100" errors="0" timestamp="2023-03-02T10:02:43 GMT+01:00" skipped="0">
  <testcase classname="testing.PositiveTest" name="logintest" time="8.100"/>
  <system-out/>
</testsuite> <!-- testing.PositiveTest -->
